make all --print-data-base --no-builtin-variables --no-builtin-rules --question
make: *** No rule to make target 'all'.  Stop.

# GNU Make 4.3
# Built for x86_64-pc-linux-gnu
# Copyright (C) 1988-2020 Free Software Foundation, Inc.
# License GPLv3+: GNU GPL version 3 or later <http://gnu.org/licenses/gpl.html>
# This is free software: you are free to change and redistribute it.
# There is NO WARRANTY, to the extent permitted by law.

# Make data base, printed on Wed Aug  7 11:04:42 2024

# Variables

# environment
GDK_BACKEND = x11
# environment
LC_ALL = C
# environment
GNOME_SHELL_SESSION_MODE = ubuntu
# environment
SSH_AGENT_LAUNCHER = openssh
# environment
GJS_DEBUG_OUTPUT = stderr
# environment
VSCODE_CRASH_REPORTER_PROCESS_TYPE = extensionHost
# environment
VSCODE_CWD = /home/estoque
# default
MAKE_COMMAND := make
# environment
QT_ACCESSIBILITY = 1
# automatic
@D = $(patsubst %/,%,$(dir $@))
# environment
VSCODE_HANDLES_UNCAUGHT_ERRORS = true
# default
.VARIABLES := 
# environment
PWD = /home/estoque/Área de Trabalho/lemonpdf
# automatic
%D = $(patsubst %/,%,$(dir $%))
# environment
XDG_DATA_DIRS = /usr/share/ubuntu:/usr/share/gnome:/usr/local/share/:/usr/share/:/var/lib/snapd/desktop
# automatic
^D = $(patsubst %/,%,$(dir $^))
# automatic
%F = $(notdir $%)
# environment
VSCODE_CODE_CACHE_PATH = /home/estoque/.config/Code/CachedData/b1c0a14de1414fcdaa400695b4db1c0799bc3124
# environment
LANG = C
# environment
XAUTHORITY = /run/user/1000/.mutter-Xwaylandauth.8EJGS2
# default
.LOADED := 
# default
.INCLUDE_DIRS = /usr/local/include /usr/include /usr/include
# makefile
MAKEFLAGS = pqrR
# makefile
CURDIR := /home/estoque/Área de Trabalho/lemonpdf
# environment
APPLICATION_INSIGHTS_NO_DIAGNOSTIC_CHANNEL = 1
# environment
LESSOPEN = | /usr/bin/lesspipe %s
# automatic
*D = $(patsubst %/,%,$(dir $*))
# environment
MFLAGS = -pqrR
# environment
SSH_AUTH_SOCK = /run/user/1000/keyring/ssh
# default
.SHELLFLAGS := -c
# environment
WAYLAND_DISPLAY = wayland-0
# environment
XDG_CONFIG_DIRS = /etc/xdg/xdg-ubuntu:/etc/xdg
# automatic
+D = $(patsubst %/,%,$(dir $+))
# environment
XDG_SESSION_DESKTOP = ubuntu
# makefile (from 'Makefile', line 1)
MAKEFILE_LIST := Makefile
# automatic
@F = $(notdir $@)
# environment
VSCODE_PID = 9139
# environment
XDG_SESSION_TYPE = wayland
# automatic
?D = $(patsubst %/,%,$(dir $?))
# environment
SESSION_MANAGER = local/juan:@/tmp/.ICE-unix/2737,unix/juan:/tmp/.ICE-unix/2737
# automatic
*F = $(notdir $*)
# environment
CHROME_DESKTOP = code-url-handler.desktop
# environment
DBUS_SESSION_BUS_ADDRESS = unix:path=/run/user/1000/bus
# automatic
<D = $(patsubst %/,%,$(dir $<))
# environment
VSCODE_NLS_CONFIG = {"userLocale":"pt-br","osLocale":"pt-br","resolvedLanguage":"en","defaultMessagesFile":"/usr/share/code/resources/app/out/nls.messages.json","locale":"en","availableLanguages":{}}
# default
MAKE_HOST := x86_64-pc-linux-gnu
# environment
ANDROID_HOME = /opt/android-sdk
# environment
GNOME_DESKTOP_SESSION_ID = this-is-deprecated
# makefile
SHELL = /bin/sh
# default
MAKECMDGOALS := all
# environment
XMODIFIERS = @im=ibus
# environment
GJS_DEBUG_TOPICS = JS ERROR;JS LOG
# environment
SHLVL = 0
# environment
MAKELEVEL := 0
# environment
IM_CONFIG_CHECK_ENV = 1
# default
MAKE = $(MAKE_COMMAND)
# environment
PATH = /home/estoque/.local/bin:/home/estoque/google-cloud-sdk/bin:/home/estoque/.local/bin:/usr/local/sbin:/usr/local/bin:/usr/sbin:/usr/bin:/sbin:/bin:/usr/games:/usr/local/games:/snap/bin:/snap/bin:/opt/android-sdk/tools:/opt/android-sdk/tools/bin:/opt/android-sdk/platform-tools
# default
MAKEFILES := 
# environment
LANGUAGE = pt_BR:pt:en
# automatic
^F = $(notdir $^)
# environment
INVOCATION_ID = 0e089e48c47949bba340db64568de7c2
# environment
USERNAME = estoque
# environment
GNOME_SETUP_DISPLAY = :1
# environment
LESSCLOSE = /usr/bin/lesspipe %s %s
# automatic
?F = $(notdir $?)
# environment
XDG_CURRENT_DESKTOP = Unity
# automatic
+F = $(notdir $+)
# environment
DESKTOP_SESSION = ubuntu
# environment
ORIGINAL_XDG_CURRENT_DESKTOP = ubuntu:GNOME
# 'override' directive
GNUMAKEFLAGS := 
# environment
LOGNAME = estoque
# environment
GIO_LAUNCHED_DESKTOP_FILE = /usr/share/applications/code.desktop
# makefile
.DEFAULT_GOAL := dev
# environment
SYSTEMD_EXEC_PID = 2761
# environment
DISPLAY = :0
# environment
USER = estoque
# environment
GTK_MODULES = gail:atk-bridge
# default
MAKE_VERSION := 4.3
# environment
MANAGERPID = 2531
# environment
DEBUGINFOD_URLS = https://debuginfod.ubuntu.com 
# environment
GIO_LAUNCHED_DESKTOP_FILE_PID = 9139
# environment
_ = /usr/share/code/code
# environment
XDG_RUNTIME_DIR = /run/user/1000
# environment
JOURNAL_STREAM = 8:38201
# environment
XDG_SESSION_CLASS = user
# environment
VSCODE_AMD_ENTRYPOINT = vs/workbench/api/node/extensionHostProcess
# environment
HOME = /home/estoque
# environment
QT_IM_MODULE = ibus
# environment
ELECTRON_RUN_AS_NODE = 1
# environment
VSCODE_IPC_HOOK = /run/user/1000/vscode-ee9ec19e-1.92-main.sock
# environment
IM_CONFIG_PHASE = 1
# default
.RECIPEPREFIX := 
# automatic
<F = $(notdir $<)
# default
SUFFIXES := 
# default
.FEATURES := target-specific order-only second-expansion else-if shortest-stem undefine oneshell nocomment grouped-target extra-prereqs archives jobserver output-sync check-symlink load
# environment
XDG_MENU_PREFIX = gnome-
# environment
GDMSESSION = ubuntu
# variable set hash-table stats:
# Load=97/1024=9%, Rehash=0, Collisions=2/128=2%

# Pattern-specific Variable Values

bump_% :
# makefile (from 'Makefile', line 18)
# VER := $$(patsubst bump_%,%,$$@)

# 1 pattern-specific variable values
# Directories

# . (device 2051, inode 6178541): 15 files, no impossibilities.

# 15 files, no impossibilities in 1 directories.

# Implicit Rules

bump_%:
#  recipe to execute (from 'Makefile', line 20):
	pipenv run bump-my-version bump ${VER}
	

# 1 implicit rules, 0 (0.0%) terminal.
# Files

push_bump:
#  Implicit rule search has not been done.
#  Modification time never checked.
#  File has not been updated.
#  recipe to execute (from 'Makefile', line 23):
	git push
	git push --tags

# Not a target:
bump_minor:
#  Implicit rule search has not been done.
#  Modification time never checked.
#  File has not been updated.

bumpversion-patch: bump_patch push_bump
#  Implicit rule search has not been done.
#  Modification time never checked.
#  File has not been updated.

pipenv:
#  Implicit rule search has not been done.
#  Modification time never checked.
#  File has not been updated.
#  recipe to execute (from 'Makefile', line 5):
	pip install pipenv
	pipenv install --dev

clean-pyc:
#  Implicit rule search has not been done.
#  Modification time never checked.
#  File has not been updated.
#  recipe to execute (from 'Makefile', line 61):
	find . -name '*.pyc' -exec rm -f {} +
	find . -name '*.pyo' -exec rm -f {} +
	find . -name '*~' -exec rm -f {} +
	find . -name '__pycache__' -exec rm -fr {} +

# Not a target:
Makefile:
#  Implicit rule search has been done.
#  Last modified 2024-08-07 11:03:39.730304957
#  File has been updated.
#  Successfully updated.

deploy-minor: clean requirements bumpversion-minor upload clean
#  Implicit rule search has not been done.
#  Modification time never checked.
#  File has not been updated.

bumpversion-major: bump_major push_bump
 
#  Implicit rule search has not been done.
#  Modification time never checked.
#  File has not been updated.

upload:
#  Implicit rule search has not been done.
#  Modification time never checked.
#  File has not been updated.
#  recipe to execute (from 'Makefile', line 33):
	pip install twine build
	python -m build
	twine upload dist/*

requirements:
#  Implicit rule search has not been done.
#  Modification time never checked.
#  File has not been updated.
#  recipe to execute (from 'Makefile', line 15):
	pipenv_to_requirements

clean: clean-build clean-pyc
#  Implicit rule search has not been done.
#  Modification time never checked.
#  File has not been updated.

# Not a target:
bump_patch:
#  Implicit rule search has not been done.
#  Modification time never checked.
#  File has not been updated.

deploy-patch: clean requirements bumpversion-patch upload clean
#  Implicit rule search has not been done.
#  Modification time never checked.
#  File has not been updated.

# Not a target:
.DEFAULT:
#  Implicit rule search has not been done.
#  Modification time never checked.
#  File has not been updated.

dev:
#  Implicit rule search has not been done.
#  Modification time never checked.
#  File has not been updated.
#  recipe to execute (from 'Makefile', line 2):
	pipenv install --dev

# Not a target:
all:
#  Command line target.
#  Implicit rule search has been done.
#  File does not exist.
#  File has not been updated.

help:
#  Implicit rule search has not been done.
#  Modification time never checked.
#  File has not been updated.
#  recipe to execute (from 'Makefile', line 38):
	@echo "clean - remove all build, test, coverage and Python artifacts"
	@echo "clean-build - remove build artifacts"
	@echo "clean-pyc - remove Python file artifacts"
	@echo "install - install the package to the active Python's site-packages"

install: clean
#  Implicit rule search has not been done.
#  Modification time never checked.
#  File has not been updated.
#  recipe to execute (from 'Makefile', line 67):
	python -m pip install -e .

ci:
#  Implicit rule search has not been done.
#  Modification time never checked.
#  File has not been updated.
#  recipe to execute (from 'Makefile', line 44):
	pip install pipenv
	pipenv install --dev --skip-lock
	pipenv run flake8
	# pipenv run pytest --cov-report term-missing # --cov=humps
	pipenv run coverage run -m pytest

# Not a target:
bump_major:
#  Implicit rule search has not been done.
#  Modification time never checked.
#  File has not been updated.

deploy-major: clean requirements bumpversion-major upload clean
#  Implicit rule search has not been done.
#  Modification time never checked.
#  File has not been updated.

bumpversion-minor: bump_minor push_bump
#  Implicit rule search has not been done.
#  Modification time never checked.
#  File has not been updated.

clean-build:
#  Implicit rule search has not been done.
#  Modification time never checked.
#  File has not been updated.
#  recipe to execute (from 'Makefile', line 53):
	rm -fr build/
	rm -fr dist/
	rm -fr .eggs/
	find . -name '*.egg-info' -exec rm -fr {} +
	find . -name '*.egg' -exec rm -f {} +
	find . -name '*.DS_Store' -exec rm -f {} +

# files hash-table stats:
# Load=24/1024=2%, Rehash=0, Collisions=0/66=0%
# VPATH Search Paths

# No 'vpath' search paths.

# No general ('VPATH' variable) search path.

# strcache buffers: 1 (0) / strings = 41 / storage = 410 B / avg = 10 B
# current buf: size = 8162 B / used = 410 B / count = 41 / avg = 10 B

# strcache performance: lookups = 84 / hit rate = 51%
# hash-table stats:
# Load=41/8192=1%, Rehash=0, Collisions=0/84=0%
# Finished Make data base on Wed Aug  7 11:04:42 2024

 
